<?xml version="1.0" encoding="UTF-8"?>
<!-- Generated by org.testng.reporters.JUnitXMLReporter -->
<testsuite ignored="1" hostname="shweta_lap" failures="0" tests="2" name="Sample_FileNG" time="0.085" errors="0" timestamp="2023-08-26T08:10:42 IST">
  <testcase classname="Sample_FileNG" name="tc1" time="0.01"/>
  <testcase classname="Sample_FileNG" name="tc3" time="0.004"/>
  <testcase classname="Sample_FileNG" name="tc2" time="0.0">
    <ignored/>
  </testcase> <!-- tc2 -->
</testsuite> <!-- Sample_FileNG -->
