<?xml version="1.0" encoding="UTF-8"?>
<testng-results ignored="0" total="2" passed="2" failed="0" skipped="0">
  <reporter-output>
  </reporter-output>
  <suite started-at="2023-08-26T08:10:42 IST" name="Suite" finished-at="2023-08-26T08:10:42 IST" duration-ms="85">
    <groups>
      <group name="Regression">
        <method signature="Sample_FileNG.tc3()[pri:0, instance:Sample_FileNG@750e2b97]" name="tc3" class="Sample_FileNG"/>
      </group> <!-- Regression -->
      <group name="smoke">
        <method signature="Sample_FileNG.tc1()[pri:0, instance:Sample_FileNG@750e2b97]" name="tc1" class="Sample_FileNG"/>
      </group> <!-- smoke -->
    </groups>
    <test started-at="2023-08-26T08:10:42 IST" name="Sample_FileNG" finished-at="2023-08-26T08:10:42 IST" duration-ms="85">
      <class name="Sample_FileNG">
        <test-method signature="tc1()[pri:0, instance:Sample_FileNG@750e2b97]" started-at="2023-08-26T08:10:42 IST" name="tc1" finished-at="2023-08-26T08:10:42 IST" duration-ms="10" status="PASS">
          <reporter-output>
          </reporter-output>
        </test-method> <!-- tc1 -->
        <test-method signature="tc3()[pri:0, instance:Sample_FileNG@750e2b97]" started-at="2023-08-26T08:10:42 IST" name="tc3" finished-at="2023-08-26T08:10:42 IST" duration-ms="4" status="PASS">
          <reporter-output>
          </reporter-output>
        </test-method> <!-- tc3 -->
      </class> <!-- Sample_FileNG -->
    </test> <!-- Sample_FileNG -->
  </suite> <!-- Suite -->
</testng-results>
